<?xml version="1.0" encoding="UTF-8"?>
<!-- Generated by org.testng.reporters.JUnitXMLReporter -->
<testsuite hostname="Mateen-PC" ignored="0" name="Default test" tests="3" failures="0" timestamp="2020-07-30T03:24:38 IST" time="30.549" errors="0">
  <testcase name="LoginPageTitleTest" time="0.739" classname="com.cmr.qa.testcases.LoginPageTest"/>
  <testcase name="LoginPageLogoTest" time="0.988" classname="com.cmr.qa.testcases.LoginPageTest"/>
  <testcase name="LoginTest" time="5.959" classname="com.cmr.qa.testcases.LoginPageTest"/>
</testsuite> <!-- Default test -->
