<?xml version="1.0" encoding="UTF-8"?>
<testng-results skipped="0" failed="0" ignored="0" total="3" passed="3">
  <reporter-output>
  </reporter-output>
  <suite name="Default suite" duration-ms="30549" started-at="2020-07-30T03:24:07 IST" finished-at="2020-07-30T03:24:37 IST">
    <groups>
    </groups>
    <test name="Default test" duration-ms="30549" started-at="2020-07-30T03:24:07 IST" finished-at="2020-07-30T03:24:37 IST">
      <class name="com.cmr.qa.testcases.LoginPageTest">
        <test-method status="PASS" signature="setUp()[pri:0, instance:com.cmr.qa.testcases.LoginPageTest@7c29daf3]" name="setUp" is-config="true" duration-ms="9255" started-at="2020-07-30T03:24:07 IST" finished-at="2020-07-30T03:24:16 IST">
          <reporter-output>
          </reporter-output>
        </test-method> <!-- setUp -->
        <test-method status="PASS" signature="LoginPageTitleTest()[pri:1, instance:com.cmr.qa.testcases.LoginPageTest@7c29daf3]" name="LoginPageTitleTest" duration-ms="739" started-at="2020-07-30T03:24:16 IST" finished-at="2020-07-30T03:24:17 IST">
          <reporter-output>
          </reporter-output>
        </test-method> <!-- LoginPageTitleTest -->
        <test-method status="PASS" signature="teardown()[pri:0, instance:com.cmr.qa.testcases.LoginPageTest@7c29daf3]" name="teardown" is-config="true" duration-ms="250" started-at="2020-07-30T03:24:17 IST" finished-at="2020-07-30T03:24:17 IST">
          <reporter-output>
          </reporter-output>
        </test-method> <!-- teardown -->
        <test-method status="PASS" signature="setUp()[pri:0, instance:com.cmr.qa.testcases.LoginPageTest@7c29daf3]" name="setUp" is-config="true" duration-ms="5332" started-at="2020-07-30T03:24:17 IST" finished-at="2020-07-30T03:24:23 IST">
          <reporter-output>
          </reporter-output>
        </test-method> <!-- setUp -->
        <test-method status="PASS" signature="LoginPageLogoTest()[pri:2, instance:com.cmr.qa.testcases.LoginPageTest@7c29daf3]" name="LoginPageLogoTest" duration-ms="988" started-at="2020-07-30T03:24:23 IST" finished-at="2020-07-30T03:24:24 IST">
          <reporter-output>
          </reporter-output>
        </test-method> <!-- LoginPageLogoTest -->
        <test-method status="PASS" signature="teardown()[pri:0, instance:com.cmr.qa.testcases.LoginPageTest@7c29daf3]" name="teardown" is-config="true" duration-ms="2155" started-at="2020-07-30T03:24:24 IST" finished-at="2020-07-30T03:24:26 IST">
          <reporter-output>
          </reporter-output>
        </test-method> <!-- teardown -->
        <test-method status="PASS" signature="setUp()[pri:0, instance:com.cmr.qa.testcases.LoginPageTest@7c29daf3]" name="setUp" is-config="true" duration-ms="5500" started-at="2020-07-30T03:24:26 IST" finished-at="2020-07-30T03:24:31 IST">
          <reporter-output>
          </reporter-output>
        </test-method> <!-- setUp -->
        <test-method status="PASS" signature="LoginTest()[pri:3, instance:com.cmr.qa.testcases.LoginPageTest@7c29daf3]" name="LoginTest" duration-ms="5959" started-at="2020-07-30T03:24:31 IST" finished-at="2020-07-30T03:24:37 IST">
          <reporter-output>
          </reporter-output>
        </test-method> <!-- LoginTest -->
        <test-method status="PASS" signature="teardown()[pri:0, instance:com.cmr.qa.testcases.LoginPageTest@7c29daf3]" name="teardown" is-config="true" duration-ms="231" started-at="2020-07-30T03:24:37 IST" finished-at="2020-07-30T03:24:37 IST">
          <reporter-output>
          </reporter-output>
        </test-method> <!-- teardown -->
      </class> <!-- com.cmr.qa.testcases.LoginPageTest -->
    </test> <!-- Default test -->
  </suite> <!-- Default suite -->
</testng-results>
